::1 - - [02/Apr/2026:09:45:34 +0000] "PUT /auth/signup HTTP/1.1" 201 75 "-" "PostmanRuntime/7.49.1"
::1 - - [02/Apr/2026:09:45:49 +0000] "POST /auth/login HTTP/1.1" 200 273 "-" "PostmanRuntime/7.49.1"
::1 - - [02/Apr/2026:09:47:03 +0000] "POST /auth/login HTTP/1.1" 200 273 "-" "PostmanRuntime/7.49.1"
::1 - - [02/Apr/2026:09:47:11 +0000] "POST /feed/post HTTP/1.1" 201 502 "-" "PostmanRuntime/7.49.1"
::1 - - [02/Apr/2026:09:47:52 +0000] "GET /profile HTTP/1.1" 200 209 "-" "PostmanRuntime/7.49.1"
::1 - - [02/Apr/2026:09:48:11 +0000] "PUT /profile/update/69ce18889224524f1e072e29 HTTP/1.1" 200 42 "-" "PostmanRuntime/7.49.1"
::1 - - [02/Apr/2026:09:48:27 +0000] "PUT /profile/update/69ce18889224524f1e072e29 HTTP/1.1" 200 42 "-" "PostmanRuntime/7.49.1"
::1 - - [02/Apr/2026:10:42:03 +0000] "DELETE /feed/post/69ce3b1f6967377a51cf0f01 HTTP/1.1" 200 39 "-" "PostmanRuntime/7.49.1"
::1 - - [02/Apr/2026:10:42:20 +0000] "DELETE /profile/delete HTTP/1.1" 404 28 "-" "PostmanRuntime/7.49.1"
::1 - - [02/Apr/2026:10:42:35 +0000] "DELETE /profile/delete HTTP/1.1" 200 42 "-" "PostmanRuntime/7.49.1"
::1 - - [02/Apr/2026:10:43:13 +0000] "POST /auth/login HTTP/1.1" 401 40 "-" "PostmanRuntime/7.49.1"
::1 - - [02/Apr/2026:10:43:17 +0000] "PUT /auth/signup HTTP/1.1" 201 75 "-" "PostmanRuntime/7.49.1"
::1 - - [02/Apr/2026:10:43:25 +0000] "POST /auth/login HTTP/1.1" 200 273 "-" "PostmanRuntime/7.49.1"
::1 - - [02/Apr/2026:10:44:20 +0000] "PUT /profile/update/69ce18889224524f1e072e29 HTTP/1.1" 200 42 "-" "PostmanRuntime/7.49.1"
::1 - - [02/Apr/2026:10:46:58 +0000] "POST /auth/login HTTP/1.1" 401 40 "-" "PostmanRuntime/7.49.1"
::1 - - [02/Apr/2026:10:47:25 +0000] "POST /auth/login HTTP/1.1" 200 260 "-" "PostmanRuntime/7.49.1"
::1 - - [02/Apr/2026:10:47:55 +0000] "POST /auth/login HTTP/1.1" 200 260 "-" "PostmanRuntime/7.49.1"
::1 - - [02/Apr/2026:10:49:06 +0000] "POST /auth/login HTTP/1.1" 200 260 "-" "PostmanRuntime/7.49.1"
::1 - - [02/Apr/2026:10:50:01 +0000] "POST /auth/login HTTP/1.1" 200 260 "-" "PostmanRuntime/7.49.1"
::1 - - [02/Apr/2026:10:51:11 +0000] "POST /auth/login HTTP/1.1" 200 260 "-" "PostmanRuntime/7.49.1"
::1 - - [02/Apr/2026:10:56:54 +0000] "POST /auth/login HTTP/1.1" 200 260 "-" "PostmanRuntime/7.49.1"
::1 - - [02/Apr/2026:10:57:55 +0000] "POST /feed/post HTTP/1.1" 201 506 "-" "PostmanRuntime/7.49.1"
::1 - - [02/Apr/2026:10:58:42 +0000] "POST /feed/post HTTP/1.1" 201 506 "-" "PostmanRuntime/7.49.1"
::1 - - [02/Apr/2026:10:59:11 +0000] "PUT /feed/post/69ce4be2d15d720e00d296a5 HTTP/1.1" 200 443 "-" "PostmanRuntime/7.49.1"
::1 - - [02/Apr/2026:11:11:18 +0000] "GET /health HTTP/1.1" 200 31 "-" "PostmanRuntime/7.49.1"
::1 - - [02/Apr/2026:11:11:28 +0000] "GET /health HTTP/1.1" 200 31 "-" "PostmanRuntime/7.49.1"
::1 - - [02/Apr/2026:11:11:36 +0000] "GET /health HTTP/1.1" 200 31 "-" "PostmanRuntime/7.49.1"
::1 - - [02/Apr/2026:11:11:41 +0000] "GET /health HTTP/1.1" 200 31 "-" "PostmanRuntime/7.49.1"
::1 - - [02/Apr/2026:11:11:48 +0000] "GET /health HTTP/1.1" 200 31 "-" "PostmanRuntime/7.49.1"
::1 - - [02/Apr/2026:11:13:09 +0000] "POST /auth/login HTTP/1.1" - - "-" "PostmanRuntime/7.49.1"
::1 - - [02/Apr/2026:11:13:10 +0000] "POST /auth/login HTTP/1.1" - - "-" "PostmanRuntime/7.49.1"
::1 - - [02/Apr/2026:11:13:15 +0000] "POST /auth/login HTTP/1.1" - - "-" "PostmanRuntime/7.49.1"
::1 - - [02/Apr/2026:11:13:17 +0000] "POST /auth/login HTTP/1.1" - - "-" "PostmanRuntime/7.49.1"
::1 - - [02/Apr/2026:11:13:24 +0000] "POST /auth/login HTTP/1.1" 200 260 "-" "PostmanRuntime/7.49.1"
::1 - - [02/Apr/2026:11:13:32 +0000] "POST /auth/login HTTP/1.1" 200 260 "-" "PostmanRuntime/7.49.1"
::1 - - [02/Apr/2026:12:01:44 +0000] "GET /api-docs HTTP/1.1" 301 158 "-" "Mozilla/5.0 (X11; Linux x86_64) AppleWebKit/537.36 (KHTML, like Gecko) Chrome/146.0.0.0 Safari/537.36"
::1 - - [02/Apr/2026:12:01:44 +0000] "GET /api-docs/ HTTP/1.1" 200 - "-" "Mozilla/5.0 (X11; Linux x86_64) AppleWebKit/537.36 (KHTML, like Gecko) Chrome/146.0.0.0 Safari/537.36"
::1 - - [02/Apr/2026:12:01:44 +0000] "GET /api-docs/swagger-ui-init.js HTTP/1.1" 200 - "-" "Mozilla/5.0 (X11; Linux x86_64) AppleWebKit/537.36 (KHTML, like Gecko) Chrome/146.0.0.0 Safari/537.36"
::1 - - [02/Apr/2026:12:01:44 +0000] "GET /api-docs/swagger-ui.css HTTP/1.1" 200 - "-" "Mozilla/5.0 (X11; Linux x86_64) AppleWebKit/537.36 (KHTML, like Gecko) Chrome/146.0.0.0 Safari/537.36"
::1 - - [02/Apr/2026:12:01:45 +0000] "GET /api-docs/swagger-ui-standalone-preset.js HTTP/1.1" 200 - "-" "Mozilla/5.0 (X11; Linux x86_64) AppleWebKit/537.36 (KHTML, like Gecko) Chrome/146.0.0.0 Safari/537.36"
::1 - - [02/Apr/2026:12:01:45 +0000] "GET /api-docs/swagger-ui-bundle.js HTTP/1.1" 200 - "-" "Mozilla/5.0 (X11; Linux x86_64) AppleWebKit/537.36 (KHTML, like Gecko) Chrome/146.0.0.0 Safari/537.36"
::1 - - [02/Apr/2026:12:01:45 +0000] "GET /api-docs/favicon-32x32.png HTTP/1.1" 200 628 "-" "Mozilla/5.0 (X11; Linux x86_64) AppleWebKit/537.36 (KHTML, like Gecko) Chrome/146.0.0.0 Safari/537.36"
::1 - - [03/Apr/2026:04:37:17 +0000] "POST /auth/login HTTP/1.1" 401 40 "-" "PostmanRuntime/7.49.1"
::1 - - [03/Apr/2026:04:37:45 +0000] "POST /auth/login HTTP/1.1" 200 260 "-" "PostmanRuntime/7.49.1"
::1 - - [03/Apr/2026:04:39:43 +0000] "POST /feed/post HTTP/1.1" 201 523 "-" "PostmanRuntime/7.49.1"
::1 - - [03/Apr/2026:04:58:44 +0000] "PUT /auth/signup HTTP/1.1" 201 75 "-" "PostmanRuntime/7.49.1"
::1 - - [03/Apr/2026:04:59:48 +0000] "PUT /auth/signup HTTP/1.1" 201 75 "-" "PostmanRuntime/7.49.1"
::1 - - [03/Apr/2026:05:03:33 +0000] "POST /auth/login HTTP/1.1" 200 265 "-" "PostmanRuntime/7.49.1"
::1 - - [03/Apr/2026:05:04:04 +0000] "PUT /auth/signup HTTP/1.1" 201 75 "-" "PostmanRuntime/7.49.1"
::1 - - [03/Apr/2026:05:10:03 +0000] "PUT /auth/signup HTTP/1.1" 201 75 "-" "PostmanRuntime/7.49.1"
::1 - - [03/Apr/2026:05:10:39 +0000] "PUT /auth/signup HTTP/1.1" 201 75 "-" "PostmanRuntime/7.49.1"
::1 - - [03/Apr/2026:05:11:01 +0000] "PUT /auth/signup HTTP/1.1" 201 75 "-" "PostmanRuntime/7.49.1"
::1 - - [03/Apr/2026:05:11:44 +0000] "PUT /auth/signup HTTP/1.1" 201 75 "-" "PostmanRuntime/7.49.1"
::1 - - [03/Apr/2026:05:12:15 +0000] "PUT /auth/signup HTTP/1.1" 201 75 "-" "PostmanRuntime/7.49.1"
::1 - - [03/Apr/2026:05:13:26 +0000] "PUT /auth/signup HTTP/1.1" 201 75 "-" "PostmanRuntime/7.49.1"
::1 - - [03/Apr/2026:05:14:30 +0000] "POST /auth/login HTTP/1.1" 200 260 "-" "PostmanRuntime/7.49.1"
::1 - - [03/Apr/2026:05:39:29 +0000] "POST /auth/login HTTP/1.1" 200 260 "-" "PostmanRuntime/7.49.1"
::1 - - [03/Apr/2026:05:39:37 +0000] "POST /feed/post HTTP/1.1" 201 612 "-" "PostmanRuntime/7.49.1"
::1 - - [03/Apr/2026:05:40:28 +0000] "POST /feed/post HTTP/1.1" 201 610 "-" "PostmanRuntime/7.49.1"
::1 - - [03/Apr/2026:05:41:46 +0000] "PUT /auth/signup HTTP/1.1" 201 75 "-" "PostmanRuntime/7.49.1"
::1 - - [03/Apr/2026:05:41:54 +0000] "PUT /auth/signup HTTP/1.1" 201 75 "-" "PostmanRuntime/7.49.1"
::1 - - [03/Apr/2026:05:41:59 +0000] "PUT /auth/signup HTTP/1.1" 201 75 "-" "PostmanRuntime/7.49.1"
::1 - - [03/Apr/2026:05:45:18 +0000] "POST /auth/login HTTP/1.1" 200 260 "-" "PostmanRuntime/7.49.1"
::1 - - [03/Apr/2026:05:47:26 +0000] "POST /auth/login HTTP/1.1" 200 260 "-" "PostmanRuntime/7.49.1"
::1 - - [03/Apr/2026:05:53:19 +0000] "POST /feed/post HTTP/1.1" 201 619 "-" "PostmanRuntime/7.49.1"
::1 - - [03/Apr/2026:05:53:31 +0000] "POST /feed/post HTTP/1.1" 201 618 "-" "PostmanRuntime/7.49.1"
::1 - - [03/Apr/2026:05:54:13 +0000] "GET /feed/posts?page=2 HTTP/1.1" 200 141 "-" "PostmanRuntime/7.49.1"
::1 - - [03/Apr/2026:05:54:20 +0000] "GET /feed/ HTTP/1.1" 404 42 "-" "PostmanRuntime/7.49.1"
::1 - - [03/Apr/2026:05:54:29 +0000] "GET /feed/post HTTP/1.1" 404 42 "-" "PostmanRuntime/7.49.1"
::1 - - [03/Apr/2026:05:54:46 +0000] "GET /feed/post HTTP/1.1" 404 42 "-" "PostmanRuntime/7.49.1"
::1 - - [03/Apr/2026:05:54:58 +0000] "GET /feed/posts?page=10 HTTP/1.1" 200 142 "-" "PostmanRuntime/7.49.1"
::1 - - [03/Apr/2026:05:57:28 +0000] "GET /feed/posts?page=10&limit=10 HTTP/1.1" 200 142 "-" "PostmanRuntime/7.49.1"
::1 - - [03/Apr/2026:05:58:28 +0000] "GET /feed/posts?page=10&limit=10&q HTTP/1.1" 200 142 "-" "PostmanRuntime/7.49.1"
::1 - - [03/Apr/2026:05:58:36 +0000] "GET /feed/posts?page=10&limit=10&q=demo HTTP/1.1" 200 142 "-" "PostmanRuntime/7.49.1"
::1 - - [03/Apr/2026:06:00:50 +0000] "GET /feed/posts?page=1&limit=5&q=demo HTTP/1.1" 200 - "-" "PostmanRuntime/7.49.1"
::1 - - [03/Apr/2026:06:01:30 +0000] "GET /feed/posts?page=1&limit=6 HTTP/1.1" 200 - "-" "PostmanRuntime/7.49.1"
::1 - - [03/Apr/2026:06:05:37 +0000] "POST /auth/login HTTP/1.1" 200 260 "-" "PostmanRuntime/7.49.1"
::1 - - [03/Apr/2026:06:06:06 +0000] "POST /feed/post HTTP/1.1" 201 602 "-" "PostmanRuntime/7.49.1"
::1 - - [03/Apr/2026:06:06:29 +0000] "POST /feed/post HTTP/1.1" 201 622 "-" "PostmanRuntime/7.49.1"
::1 - - [03/Apr/2026:06:06:57 +0000] "GET /feed/posts?page=1&limit=10 HTTP/1.1" 200 - "-" "PostmanRuntime/7.49.1"
::1 - - [03/Apr/2026:06:07:22 +0000] "POST /auth/login HTTP/1.1" 200 260 "-" "PostmanRuntime/7.49.1"
::1 - - [03/Apr/2026:06:07:43 +0000] "POST /feed/post HTTP/1.1" 201 598 "-" "PostmanRuntime/7.49.1"
::1 - - [03/Apr/2026:06:07:53 +0000] "POST /feed/post HTTP/1.1" 201 604 "-" "PostmanRuntime/7.49.1"
::1 - - [03/Apr/2026:06:09:59 +0000] "GET /api-docs/ HTTP/1.1" 304 - "-" "Mozilla/5.0 (X11; Linux x86_64) AppleWebKit/537.36 (KHTML, like Gecko) Chrome/146.0.0.0 Safari/537.36"
::1 - - [03/Apr/2026:06:09:59 +0000] "GET /api-docs/swagger-ui.css HTTP/1.1" 304 - "-" "Mozilla/5.0 (X11; Linux x86_64) AppleWebKit/537.36 (KHTML, like Gecko) Chrome/146.0.0.0 Safari/537.36"
::1 - - [03/Apr/2026:06:09:59 +0000] "GET /api-docs/swagger-ui-bundle.js HTTP/1.1" 304 - "-" "Mozilla/5.0 (X11; Linux x86_64) AppleWebKit/537.36 (KHTML, like Gecko) Chrome/146.0.0.0 Safari/537.36"
::1 - - [03/Apr/2026:06:09:59 +0000] "GET /api-docs/swagger-ui-standalone-preset.js HTTP/1.1" 304 - "-" "Mozilla/5.0 (X11; Linux x86_64) AppleWebKit/537.36 (KHTML, like Gecko) Chrome/146.0.0.0 Safari/537.36"
::1 - - [03/Apr/2026:06:09:59 +0000] "GET /api-docs/swagger-ui-init.js HTTP/1.1" 200 - "-" "Mozilla/5.0 (X11; Linux x86_64) AppleWebKit/537.36 (KHTML, like Gecko) Chrome/146.0.0.0 Safari/537.36"
::1 - - [03/Apr/2026:06:16:44 +0000] "POST /feed/post/69ce4be2d15d720e00d296a5/comments HTTP/1.1" 201 344 "-" "PostmanRuntime/7.49.1"
::1 - - [03/Apr/2026:06:19:15 +0000] "GET /feed/post/69ce4be2d15d720e00d296a5/comments HTTP/1.1" 200 438 "-" "PostmanRuntime/7.49.1"
::1 - - [03/Apr/2026:06:44:12 +0000] "GET /feed/post/69ce4be2d15d720e00d296a5/comments HTTP/1.1" 200 438 "-" "PostmanRuntime/7.49.1"
::1 - - [03/Apr/2026:06:46:03 +0000] "POST /feed/post/69ce4be2d15d720e00d296a5/like HTTP/1.1" 201 53 "-" "PostmanRuntime/7.49.1"
::1 - - [03/Apr/2026:06:47:14 +0000] "GET /feed/post/69ce4be2d15d720e00d296a5/likes HTTP/1.1" 401 31 "-" "PostmanRuntime/7.49.1"
::1 - - [03/Apr/2026:06:47:20 +0000] "GET /feed/post/69ce4be2d15d720e00d296a5/likes HTTP/1.1" 200 30 "-" "PostmanRuntime/7.49.1"
::1 - - [03/Apr/2026:06:47:27 +0000] "POST /feed/post/69ce4be2d15d720e00d296a5/like HTTP/1.1" 200 56 "-" "PostmanRuntime/7.49.1"
::1 - - [03/Apr/2026:06:47:28 +0000] "POST /feed/post/69ce4be2d15d720e00d296a5/like HTTP/1.1" 201 53 "-" "PostmanRuntime/7.49.1"
::1 - - [03/Apr/2026:06:47:30 +0000] "GET /feed/post/69ce4be2d15d720e00d296a5/likes HTTP/1.1" 200 30 "-" "PostmanRuntime/7.49.1"
::1 - - [03/Apr/2026:06:47:33 +0000] "POST /feed/post/69ce4be2d15d720e00d296a5/like HTTP/1.1" 200 56 "-" "PostmanRuntime/7.49.1"
::1 - - [03/Apr/2026:06:47:35 +0000] "GET /feed/post/69ce4be2d15d720e00d296a5/likes HTTP/1.1" 200 31 "-" "PostmanRuntime/7.49.1"
::1 - - [03/Apr/2026:06:48:09 +0000] "POST /feed/post/69ce4be2d15d720e00d296a5/like HTTP/1.1" 201 53 "-" "PostmanRuntime/7.49.1"
::1 - - [03/Apr/2026:06:48:11 +0000] "GET /feed/post/69ce4be2d15d720e00d296a5/likes HTTP/1.1" 200 30 "-" "PostmanRuntime/7.49.1"
::1 - - [03/Apr/2026:07:06:49 +0000] "GET /feed/post/69ce4be2d15d720e00d296a5 HTTP/1.1" 200 642 "-" "PostmanRuntime/7.49.1"
::1 - - [03/Apr/2026:07:42:47 +0000] "GET /feed/post/69ce4be2d15d720e00d296a5/comments HTTP/1.1" 401 31 "-" "PostmanRuntime/7.49.1"
::1 - - [03/Apr/2026:07:42:51 +0000] "GET /feed/post/69ce4be2d15d720e00d296a5/comments HTTP/1.1" 200 438 "-" "PostmanRuntime/7.49.1"
::1 - - [03/Apr/2026:07:43:57 +0000] "POST /feed/post/69cf448fec81b730afbdb1bd/comments HTTP/1.1" 201 342 "-" "PostmanRuntime/7.49.1"
::1 - - [03/Apr/2026:07:44:03 +0000] "GET /feed/post/69ce4be2d15d720e00d296a5/comments HTTP/1.1" 200 438 "-" "PostmanRuntime/7.49.1"
::1 - - [03/Apr/2026:07:44:31 +0000] "GET /feed/post/69ce4be2d15d720e00d296a5/comments HTTP/1.1" 200 438 "-" "PostmanRuntime/7.49.1"
::1 - - [03/Apr/2026:07:45:08 +0000] "GET /feed/posts/69ce4be2d15d720e00d296a5/comments HTTP/1.1" 200 438 "-" "PostmanRuntime/7.49.1"
::1 - - [03/Apr/2026:07:45:52 +0000] "POST /auth/login HTTP/1.1" 200 260 "-" "PostmanRuntime/7.49.1"
::1 - - [03/Apr/2026:07:46:26 +0000] "POST /feed/post/69ce4be2d15d720e00d296a5/comments HTTP/1.1" 201 336 "-" "PostmanRuntime/7.49.1"
::1 - - [03/Apr/2026:07:46:36 +0000] "GET /feed/posts/69ce4be2d15d720e00d296a5/comments HTTP/1.1" 200 722 "-" "PostmanRuntime/7.49.1"
::1 - - [03/Apr/2026:07:47:35 +0000] "GET /feed/post/69ce4be2d15d720e00d296a5/likes HTTP/1.1" 200 31 "-" "PostmanRuntime/7.49.1"
::1 - - [03/Apr/2026:07:48:30 +0000] "GET /feed/post/69ce4be2d15d720e00d296a5/likes HTTP/1.1" 200 31 "-" "PostmanRuntime/7.49.1"
